<?xml version="1.0" encoding="UTF-8" ?>
<testsuite tests="5" failures="0" name="testRunner.Runnerclass" time="0.005" errors="0" skipped="0">
  <properties>
[...]
</properties>
  <testcase classname="| GC |" name="Given I am on Parliament beta website landing page &quot;GC&quot;" time="0.004"/>
  <testcase classname="| GC |" name="Then I assert the landing page and a pageview is collected in GA" time="0"/>
  <testcase classname="| GC |" name="When I click on Current parliament website link which is present on bottom of the page" time="0"/>
  <testcase classname="| GC |" name="Then I assert the current website URL and an outbound event will be collected in GA" time="0"/>
  <testcase classname="| GC |" name="| GC |" time="0.001"/>
</testsuite>